<?xml version="1.0" encoding="UTF-8"?>
<!-- Generated by org.testng.reporters.JUnitReportReporter -->
<testsuite hostname="DESKTOP-FOCT3H3" failures="0" tests="1" name="p1.Demo1" time="10.484" errors="0" timestamp="07 Jan 2022 09:59:25 GMT" skipped="0">
  <testcase classname="p1.Demo1" name="test" time="10.484"/>
</testsuite> <!-- p1.Demo1 -->
